2019-05-13 22:41:12 INFO  PluginTasksProjectComponent.projectOpened(77) - ---------- Project opened ----------
2019-05-13 22:41:12 INFO  PluginTasksProjectComponent.projectOpened(78) - ---------- Version 3.30 ----------

2019-05-13 22:41:12 INFO  PluginTasksProjectComponent.setAutoscrolls(366) - Autoscrolls successfully set
2019-05-13 22:41:12 INFO  ApacheHttpClient.isSessionAppropriateWithSecretKey(572) - The session is not set in the property file.
2019-05-13 22:41:13 INFO  ApacheHttpClient.login(238) - Waiting for server response.
2019-05-13 22:41:13 INFO  ApacheHttpClient.login(242) - responseCode = 200
2019-05-13 22:41:13 INFO  ApacheHttpClient.login(265) - JSESSIONID OK
2019-05-13 22:41:13 INFO  ApacheHttpClient.refreshUserInfo(293) - responseCode = 200
2019-05-13 22:41:13 INFO  ApacheHttpClient.refreshUserInfo(299) - User information received.
2019-05-13 22:41:13 INFO  ApacheHttpClient.startGA(35) - GAService started.
2019-05-13 22:41:13 INFO  AbstractRestApiClient.startService(71) - EventsService started.
2019-05-13 22:41:51 INFO  ApacheHttpClient.getWebResourceAsStream(485) - responseCode = 200
2019-05-13 22:41:53 INFO  ApacheHttpClient.getFilteredTasks(324) - responseCode = 200
2019-05-13 22:42:01 INFO  ApacheHttpClient.getFilteredTasks(324) - responseCode = 200
2019-05-13 22:42:11 INFO  ApacheHttpClient.getFilteredTasks(324) - responseCode = 200
2019-05-13 22:42:28 INFO  ApacheHttpClient.getTaskTemplateInfo(341) - responseCode = 200
2019-05-13 22:42:31 INFO  ApacheHttpClient.testConnection(193) - responseCode = 200
2019-05-13 22:42:31 INFO  ApacheHttpClient.testConnection(208) - result = true
2019-05-13 22:42:33 INFO  ApacheHttpClient.testConnection(193) - responseCode = 200
2019-05-13 22:42:33 INFO  ApacheHttpClient.testConnection(208) - result = true
2019-05-13 22:42:38 INFO  ApacheHttpClient.getWebResourceAsStream(485) - responseCode = 200
2019-05-13 22:42:55 INFO  ApacheHttpClient.testConnection(193) - responseCode = 200
2019-05-13 22:42:55 INFO  ApacheHttpClient.testConnection(208) - result = true
2019-05-13 22:43:14 INFO  ApacheHttpClient.sendEvent(518) - responseCode = 200
2019-05-13 22:44:14 INFO  ApacheHttpClient.sendEvent(518) - responseCode = 200
2019-05-13 22:45:14 INFO  ApacheHttpClient.sendEvent(518) - responseCode = 200
2019-05-13 22:46:14 INFO  ApacheHttpClient.sendEvent(518) - responseCode = 200
2019-05-13 22:47:14 INFO  ApacheHttpClient.sendEvent(518) - responseCode = 200
2019-05-13 22:48:14 INFO  ApacheHttpClient.sendEvent(518) - responseCode = 200
2019-05-13 22:48:49 INFO  ApacheHttpClient.testConnection(193) - responseCode = 200
2019-05-13 22:48:49 INFO  ApacheHttpClient.testConnection(208) - result = true
2019-05-13 22:49:14 INFO  ApacheHttpClient.sendEvent(518) - responseCode = 200
2019-05-13 22:50:14 INFO  ApacheHttpClient.sendEvent(518) - responseCode = 200
2019-05-13 22:51:14 INFO  ApacheHttpClient.sendEvent(518) - responseCode = 200
2019-05-13 22:52:14 INFO  ApacheHttpClient.sendEvent(518) - responseCode = 200
2019-05-13 22:53:14 INFO  ApacheHttpClient.sendEvent(518) - responseCode = 200
2019-05-13 22:54:14 INFO  ApacheHttpClient.sendEvent(518) - responseCode = 200
2019-05-13 22:55:14 INFO  ApacheHttpClient.sendEvent(518) - responseCode = 200
2019-05-13 22:56:14 INFO  ApacheHttpClient.sendEvent(518) - responseCode = 200
2019-05-13 22:57:14 INFO  ApacheHttpClient.sendEvent(518) - responseCode = 200
2019-05-13 22:58:14 INFO  ApacheHttpClient.sendEvent(518) - responseCode = 200
2019-05-13 22:59:14 INFO  ApacheHttpClient.sendEvent(518) - responseCode = 200
2019-05-13 23:00:14 INFO  ApacheHttpClient.sendEvent(518) - responseCode = 200
2019-05-13 23:01:14 INFO  ApacheHttpClient.sendEvent(518) - responseCode = 200
2019-05-13 23:02:14 INFO  ApacheHttpClient.sendEvent(518) - responseCode = 200
2019-05-13 23:03:14 INFO  ApacheHttpClient.sendEvent(518) - responseCode = 200
2019-05-13 23:04:14 INFO  ApacheHttpClient.sendEvent(518) - responseCode = 200
2019-05-13 23:05:14 INFO  ApacheHttpClient.sendEvent(518) - responseCode = 200
2019-05-13 23:06:14 INFO  ApacheHttpClient.sendEvent(518) - responseCode = 200
2019-05-13 23:07:15 INFO  ApacheHttpClient.sendEvent(518) - responseCode = 200
2019-05-13 23:08:14 INFO  ApacheHttpClient.sendEvent(518) - responseCode = 200
2019-05-13 23:09:14 INFO  ApacheHttpClient.sendEvent(518) - responseCode = 200
2019-05-13 23:10:14 INFO  ApacheHttpClient.sendEvent(518) - responseCode = 200
2019-05-13 23:11:14 INFO  ApacheHttpClient.sendEvent(518) - responseCode = 200
2019-05-13 23:12:14 INFO  ApacheHttpClient.sendEvent(518) - responseCode = 200
2019-05-13 23:13:14 INFO  ApacheHttpClient.sendEvent(518) - responseCode = 200
2019-05-13 23:14:14 INFO  ApacheHttpClient.sendEvent(518) - responseCode = 200
2019-05-13 23:15:14 INFO  ApacheHttpClient.sendEvent(518) - responseCode = 200
2019-05-13 23:16:14 INFO  ApacheHttpClient.sendEvent(518) - responseCode = 200
2019-05-13 23:17:14 INFO  ApacheHttpClient.sendEvent(518) - responseCode = 200
2019-05-13 23:18:14 INFO  ApacheHttpClient.sendEvent(518) - responseCode = 200
2019-05-13 23:19:14 INFO  ApacheHttpClient.sendEvent(518) - responseCode = 200
2019-05-13 23:20:14 INFO  ApacheHttpClient.sendEvent(518) - responseCode = 200
2019-05-13 23:21:14 INFO  ApacheHttpClient.sendEvent(518) - responseCode = 200
2019-05-13 23:22:14 INFO  ApacheHttpClient.sendEvent(518) - responseCode = 200
2019-05-13 23:23:14 INFO  ApacheHttpClient.sendEvent(518) - responseCode = 200
2019-05-13 23:24:14 INFO  ApacheHttpClient.sendEvent(518) - responseCode = 200
2019-05-13 23:25:14 INFO  ApacheHttpClient.sendEvent(518) - responseCode = 200
2019-05-13 23:26:14 INFO  ApacheHttpClient.sendEvent(518) - responseCode = 200
2019-05-13 23:27:14 INFO  ApacheHttpClient.sendEvent(518) - responseCode = 200
2019-05-13 23:28:14 INFO  ApacheHttpClient.sendEvent(518) - responseCode = 200
2019-05-13 23:29:14 INFO  ApacheHttpClient.sendEvent(518) - responseCode = 200
2019-05-13 23:30:14 INFO  ApacheHttpClient.sendEvent(518) - responseCode = 200
2019-05-13 23:31:14 INFO  ApacheHttpClient.sendEvent(518) - responseCode = 200
2019-05-13 23:32:14 INFO  ApacheHttpClient.sendEvent(518) - responseCode = 200
2019-05-13 23:33:14 INFO  ApacheHttpClient.sendEvent(518) - responseCode = 200
2019-05-13 23:34:14 INFO  ApacheHttpClient.sendEvent(518) - responseCode = 200
2019-05-13 23:35:14 INFO  ApacheHttpClient.sendEvent(518) - responseCode = 200
2019-05-13 23:36:14 INFO  ApacheHttpClient.sendEvent(518) - responseCode = 200
2019-05-13 23:37:14 INFO  ApacheHttpClient.sendEvent(518) - responseCode = 200
2019-05-13 23:38:14 INFO  ApacheHttpClient.sendEvent(518) - responseCode = 200
2019-05-13 23:39:14 INFO  ApacheHttpClient.sendEvent(518) - responseCode = 200
2019-05-13 23:40:14 INFO  ApacheHttpClient.sendEvent(518) - responseCode = 200
2019-05-13 23:41:14 INFO  ApacheHttpClient.sendEvent(518) - responseCode = 200
2019-05-13 23:42:15 INFO  ApacheHttpClient.sendEvent(518) - responseCode = 200
2019-05-13 23:43:14 INFO  ApacheHttpClient.sendEvent(518) - responseCode = 200
2019-05-13 23:44:14 INFO  ApacheHttpClient.sendEvent(518) - responseCode = 200
2019-05-13 23:45:14 INFO  ApacheHttpClient.sendEvent(518) - responseCode = 200
2019-05-13 23:46:14 INFO  ApacheHttpClient.sendEvent(518) - responseCode = 200
2019-05-13 23:47:14 INFO  ApacheHttpClient.sendEvent(518) - responseCode = 200
2019-05-13 23:48:14 INFO  ApacheHttpClient.sendEvent(518) - responseCode = 200
2019-05-13 23:49:14 INFO  ApacheHttpClient.sendEvent(518) - responseCode = 200
2019-05-13 23:50:14 INFO  ApacheHttpClient.sendEvent(518) - responseCode = 200
2019-05-13 23:51:14 INFO  ApacheHttpClient.sendEvent(518) - responseCode = 200
2019-05-13 23:52:14 INFO  ApacheHttpClient.sendEvent(518) - responseCode = 200
2019-05-13 23:53:14 INFO  ApacheHttpClient.sendEvent(518) - responseCode = 200
2019-05-13 23:54:14 INFO  ApacheHttpClient.sendEvent(518) - responseCode = 200
2019-05-13 23:55:14 INFO  ApacheHttpClient.sendEvent(518) - responseCode = 200
2019-05-13 23:56:14 INFO  ApacheHttpClient.sendEvent(518) - responseCode = 200
2019-05-13 23:57:14 INFO  ApacheHttpClient.sendEvent(518) - responseCode = 200
2019-05-13 23:58:14 INFO  ApacheHttpClient.sendEvent(518) - responseCode = 200
2019-05-13 23:59:14 INFO  ApacheHttpClient.sendEvent(518) - responseCode = 200
2019-05-14 00:00:14 INFO  ApacheHttpClient.sendEvent(518) - responseCode = 200
2019-05-14 00:01:14 INFO  ApacheHttpClient.sendEvent(518) - responseCode = 200
2019-05-14 00:02:14 INFO  ApacheHttpClient.sendEvent(518) - responseCode = 200
2019-05-14 00:03:14 INFO  ApacheHttpClient.sendEvent(518) - responseCode = 200
2019-05-14 00:04:14 INFO  ApacheHttpClient.sendEvent(518) - responseCode = 200
2019-05-14 00:05:14 INFO  ApacheHttpClient.sendEvent(518) - responseCode = 200
2019-05-14 00:06:14 INFO  ApacheHttpClient.sendEvent(518) - responseCode = 200
2019-05-14 00:07:14 INFO  ApacheHttpClient.sendEvent(518) - responseCode = 200
2019-05-14 00:08:14 INFO  ApacheHttpClient.sendEvent(518) - responseCode = 200
2019-05-14 00:09:14 INFO  ApacheHttpClient.sendEvent(518) - responseCode = 200
2019-05-14 00:10:14 INFO  ApacheHttpClient.sendEvent(518) - responseCode = 200
2019-05-14 00:11:14 INFO  ApacheHttpClient.sendEvent(518) - responseCode = 200
2019-05-14 00:12:14 INFO  ApacheHttpClient.sendEvent(518) - responseCode = 200
2019-05-14 00:13:14 INFO  ApacheHttpClient.sendEvent(518) - responseCode = 200
2019-05-14 00:14:14 INFO  ApacheHttpClient.sendEvent(518) - responseCode = 200
2019-05-14 00:15:14 INFO  ApacheHttpClient.sendEvent(518) - responseCode = 200
2019-05-14 00:16:14 INFO  ApacheHttpClient.sendEvent(518) - responseCode = 200
2019-05-14 00:17:14 INFO  ApacheHttpClient.sendEvent(518) - responseCode = 200
2019-05-14 00:18:14 INFO  ApacheHttpClient.sendEvent(518) - responseCode = 200
2019-05-14 00:19:14 INFO  ApacheHttpClient.sendEvent(518) - responseCode = 200
2019-05-14 00:20:14 INFO  ApacheHttpClient.sendEvent(518) - responseCode = 200
2019-05-14 00:21:14 INFO  ApacheHttpClient.sendEvent(518) - responseCode = 200
2019-05-14 00:22:14 INFO  ApacheHttpClient.sendEvent(518) - responseCode = 200
2019-05-14 00:23:14 INFO  ApacheHttpClient.sendEvent(518) - responseCode = 200
2019-05-14 00:24:14 INFO  ApacheHttpClient.sendEvent(518) - responseCode = 200
2019-05-14 00:25:14 INFO  ApacheHttpClient.sendEvent(518) - responseCode = 200
2019-05-14 00:26:14 INFO  ApacheHttpClient.sendEvent(518) - responseCode = 200
2019-05-14 00:27:14 INFO  ApacheHttpClient.sendEvent(518) - responseCode = 200
2019-05-14 00:28:14 INFO  ApacheHttpClient.sendEvent(518) - responseCode = 200
2019-05-14 00:29:14 INFO  ApacheHttpClient.sendEvent(518) - responseCode = 200
2019-05-14 00:30:14 INFO  ApacheHttpClient.sendEvent(518) - responseCode = 200
2019-05-14 00:31:14 INFO  ApacheHttpClient.sendEvent(518) - responseCode = 200
2019-05-14 00:32:14 INFO  ApacheHttpClient.sendEvent(518) - responseCode = 200
2019-05-14 00:33:14 INFO  ApacheHttpClient.sendEvent(518) - responseCode = 200
2019-05-14 00:34:14 INFO  ApacheHttpClient.sendEvent(518) - responseCode = 200
2019-05-14 00:35:14 INFO  ApacheHttpClient.sendEvent(518) - responseCode = 200
2019-05-14 00:36:14 INFO  ApacheHttpClient.sendEvent(518) - responseCode = 200
2019-05-14 00:37:14 INFO  ApacheHttpClient.sendEvent(518) - responseCode = 200
2019-05-14 00:38:14 INFO  ApacheHttpClient.sendEvent(518) - responseCode = 200
2019-05-14 00:39:14 INFO  ApacheHttpClient.sendEvent(518) - responseCode = 200
2019-05-14 06:36:04 ERROR ApacheHttpClient.processExceptionSendEvent(109) - (super) : Error while sending the event to the server.
2019-05-14 06:36:07 INFO  ApacheHttpClient.sendEvent(518) - responseCode = 200
2019-05-14 06:36:45 INFO  ApacheHttpClient.sendEvent(518) - responseCode = 200
2019-05-14 06:37:44 INFO  ApacheHttpClient.sendEvent(518) - responseCode = 200
2019-05-14 06:38:44 INFO  ApacheHttpClient.sendEvent(518) - responseCode = 200
2019-05-14 06:39:44 INFO  ApacheHttpClient.sendEvent(518) - responseCode = 200
2019-05-14 06:40:53 INFO  ApacheHttpClient.sendEvent(518) - responseCode = 200
2019-05-14 06:41:44 INFO  ApacheHttpClient.sendEvent(518) - responseCode = 200
2019-05-14 06:42:44 INFO  ApacheHttpClient.sendEvent(518) - responseCode = 200
2019-05-14 06:43:45 INFO  ApacheHttpClient.sendEvent(518) - responseCode = 200
2019-05-14 06:44:44 INFO  ApacheHttpClient.sendEvent(518) - responseCode = 200
2019-05-14 06:45:44 INFO  ApacheHttpClient.sendEvent(518) - responseCode = 200
2019-05-14 06:46:44 INFO  ApacheHttpClient.sendEvent(518) - responseCode = 200
2019-05-14 06:47:44 INFO  ApacheHttpClient.sendEvent(518) - responseCode = 200
2019-05-14 06:48:44 INFO  ApacheHttpClient.sendEvent(518) - responseCode = 200
2019-05-14 06:49:44 INFO  ApacheHttpClient.sendEvent(518) - responseCode = 200
2019-05-14 06:50:44 INFO  ApacheHttpClient.sendEvent(518) - responseCode = 200
2019-05-14 06:51:44 INFO  ApacheHttpClient.sendEvent(518) - responseCode = 200
2019-05-14 06:52:45 INFO  ApacheHttpClient.sendEvent(518) - responseCode = 200
2019-05-14 06:53:44 INFO  ApacheHttpClient.sendEvent(518) - responseCode = 200
2019-05-14 06:54:44 INFO  ApacheHttpClient.sendEvent(518) - responseCode = 200
2019-05-14 06:55:44 INFO  ApacheHttpClient.sendEvent(518) - responseCode = 200
2019-05-14 06:56:44 INFO  ApacheHttpClient.sendEvent(518) - responseCode = 200
2019-05-14 06:57:44 INFO  ApacheHttpClient.sendEvent(518) - responseCode = 200
2019-05-14 06:58:44 INFO  ApacheHttpClient.sendEvent(518) - responseCode = 200
2019-05-14 06:59:44 INFO  ApacheHttpClient.sendEvent(518) - responseCode = 200
2019-05-14 07:00:44 INFO  ApacheHttpClient.sendEvent(518) - responseCode = 200
2019-05-14 07:01:44 INFO  ApacheHttpClient.sendEvent(518) - responseCode = 200
2019-05-14 07:02:45 INFO  ApacheHttpClient.sendEvent(518) - responseCode = 200
2019-05-14 07:03:44 INFO  ApacheHttpClient.sendEvent(518) - responseCode = 200
2019-05-14 07:04:44 INFO  ApacheHttpClient.sendEvent(518) - responseCode = 200
2019-05-14 07:05:44 INFO  ApacheHttpClient.sendEvent(518) - responseCode = 200
2019-05-14 07:06:44 INFO  ApacheHttpClient.sendEvent(518) - responseCode = 200
2019-05-14 07:07:44 INFO  ApacheHttpClient.sendEvent(518) - responseCode = 200
2019-05-14 07:08:45 INFO  ApacheHttpClient.sendEvent(518) - responseCode = 200
2019-05-14 07:09:44 INFO  ApacheHttpClient.sendEvent(518) - responseCode = 200
2019-05-14 07:10:44 INFO  ApacheHttpClient.sendEvent(518) - responseCode = 200
2019-05-14 07:11:44 INFO  ApacheHttpClient.sendEvent(518) - responseCode = 200
2019-05-14 07:12:45 INFO  ApacheHttpClient.sendEvent(518) - responseCode = 200
2019-05-14 07:13:44 INFO  ApacheHttpClient.sendEvent(518) - responseCode = 200
2019-05-14 07:14:45 INFO  ApacheHttpClient.sendEvent(518) - responseCode = 200
2019-05-14 07:15:45 INFO  ApacheHttpClient.sendEvent(518) - responseCode = 200
2019-05-14 07:16:46 INFO  ApacheHttpClient.sendEvent(518) - responseCode = 200
2019-05-14 07:17:44 INFO  ApacheHttpClient.sendEvent(518) - responseCode = 200
2019-05-14 07:18:31 INFO  ApacheHttpClient.testConnection(193) - responseCode = 200
2019-05-14 07:18:31 INFO  ApacheHttpClient.testConnection(208) - result = true
2019-05-14 07:18:45 INFO  ApacheHttpClient.sendEvent(518) - responseCode = 200
2019-05-14 07:19:44 INFO  ApacheHttpClient.sendEvent(518) - responseCode = 200
2019-05-14 07:20:44 INFO  ApacheHttpClient.sendEvent(518) - responseCode = 200
2019-05-14 07:21:44 INFO  ApacheHttpClient.sendEvent(518) - responseCode = 200
2019-05-14 07:22:44 INFO  ApacheHttpClient.sendEvent(518) - responseCode = 200
2019-05-14 07:23:44 INFO  ApacheHttpClient.sendEvent(518) - responseCode = 200
2019-05-14 07:24:44 INFO  ApacheHttpClient.sendEvent(518) - responseCode = 200
2019-05-14 07:25:44 INFO  ApacheHttpClient.sendEvent(518) - responseCode = 200
2019-05-14 07:26:45 INFO  ApacheHttpClient.sendEvent(518) - responseCode = 200
2019-05-14 07:27:45 INFO  ApacheHttpClient.sendEvent(518) - responseCode = 200
2019-05-14 07:28:45 INFO  ApacheHttpClient.sendEvent(518) - responseCode = 200
2019-05-14 07:29:45 INFO  ApacheHttpClient.sendEvent(518) - responseCode = 200
2019-05-14 07:30:45 INFO  ApacheHttpClient.sendEvent(518) - responseCode = 200
2019-05-14 07:31:45 INFO  ApacheHttpClient.sendEvent(518) - responseCode = 200
2019-05-14 07:32:45 INFO  ApacheHttpClient.sendEvent(518) - responseCode = 200
2019-05-14 07:33:44 INFO  ApacheHttpClient.sendEvent(518) - responseCode = 200
2019-05-14 07:34:45 INFO  ApacheHttpClient.sendEvent(518) - responseCode = 200
2019-05-14 07:35:44 INFO  ApacheHttpClient.sendEvent(518) - responseCode = 200
2019-05-14 07:36:44 INFO  ApacheHttpClient.sendEvent(518) - responseCode = 200
2019-05-14 07:37:45 INFO  ApacheHttpClient.sendEvent(518) - responseCode = 200
2019-05-14 07:38:44 INFO  ApacheHttpClient.sendEvent(518) - responseCode = 200
2019-05-14 07:39:44 INFO  ApacheHttpClient.sendEvent(518) - responseCode = 200
2019-05-14 07:40:45 INFO  ApacheHttpClient.sendEvent(518) - responseCode = 200
2019-05-14 07:41:44 INFO  ApacheHttpClient.sendEvent(518) - responseCode = 200
2019-05-14 07:42:45 INFO  ApacheHttpClient.sendEvent(518) - responseCode = 200
2019-05-14 07:43:44 INFO  ApacheHttpClient.sendEvent(518) - responseCode = 200
2019-05-14 07:44:44 INFO  ApacheHttpClient.sendEvent(518) - responseCode = 200
2019-05-14 07:45:44 INFO  ApacheHttpClient.sendEvent(518) - responseCode = 200
2019-05-14 07:46:44 INFO  ApacheHttpClient.sendEvent(518) - responseCode = 200
2019-05-14 07:47:44 INFO  ApacheHttpClient.sendEvent(518) - responseCode = 200
2019-05-14 07:48:45 INFO  ApacheHttpClient.sendEvent(518) - responseCode = 200
2019-05-14 07:49:44 INFO  ApacheHttpClient.sendEvent(518) - responseCode = 200
2019-05-14 07:50:44 INFO  ApacheHttpClient.sendEvent(518) - responseCode = 200
2019-05-14 07:51:45 INFO  ApacheHttpClient.sendEvent(518) - responseCode = 200
2019-05-14 07:52:45 INFO  ApacheHttpClient.sendEvent(518) - responseCode = 200
2019-05-14 07:53:44 INFO  ApacheHttpClient.sendEvent(518) - responseCode = 200
2019-05-14 07:54:44 INFO  ApacheHttpClient.sendEvent(518) - responseCode = 200
2019-05-14 07:55:45 INFO  ApacheHttpClient.sendEvent(518) - responseCode = 200
2019-05-14 07:56:44 INFO  ApacheHttpClient.sendEvent(518) - responseCode = 200
2019-05-14 07:57:45 INFO  ApacheHttpClient.sendEvent(518) - responseCode = 200
2019-05-14 07:58:44 INFO  ApacheHttpClient.sendEvent(518) - responseCode = 200
2019-05-14 07:59:44 INFO  ApacheHttpClient.sendEvent(518) - responseCode = 200
2019-05-14 08:00:44 INFO  ApacheHttpClient.sendEvent(518) - responseCode = 200
2019-05-14 08:01:44 INFO  ApacheHttpClient.sendEvent(518) - responseCode = 200
2019-05-14 08:02:44 INFO  ApacheHttpClient.sendEvent(518) - responseCode = 200
2019-05-14 08:03:44 INFO  ApacheHttpClient.sendEvent(518) - responseCode = 200
2019-05-14 08:04:44 INFO  ApacheHttpClient.sendEvent(518) - responseCode = 200
2019-05-14 08:05:44 INFO  ApacheHttpClient.sendEvent(518) - responseCode = 200
2019-05-14 22:08:28 ERROR ApacheHttpClient.processExceptionSendEvent(109) - (super) : Error while sending the event to the server.
2019-05-14 22:09:28 INFO  ApacheHttpClient.sendEvent(518) - responseCode = 200
2019-05-14 22:10:28 INFO  ApacheHttpClient.sendEvent(518) - responseCode = 200
2019-05-14 22:11:28 INFO  ApacheHttpClient.sendEvent(518) - responseCode = 200
2019-05-14 22:12:28 INFO  ApacheHttpClient.sendEvent(518) - responseCode = 200
2019-05-14 22:13:28 INFO  ApacheHttpClient.sendEvent(518) - responseCode = 200
2019-05-14 22:14:28 INFO  ApacheHttpClient.sendEvent(518) - responseCode = 200
2019-05-14 22:15:28 INFO  ApacheHttpClient.sendEvent(518) - responseCode = 200
2019-05-14 22:16:28 INFO  ApacheHttpClient.sendEvent(518) - responseCode = 200
2019-05-14 22:17:28 INFO  ApacheHttpClient.sendEvent(518) - responseCode = 200
2019-05-14 22:18:28 INFO  ApacheHttpClient.sendEvent(518) - responseCode = 200
2019-05-14 22:19:28 INFO  ApacheHttpClient.sendEvent(518) - responseCode = 200
2019-05-14 22:20:28 INFO  ApacheHttpClient.sendEvent(518) - responseCode = 200
2019-05-14 22:21:28 INFO  ApacheHttpClient.sendEvent(518) - responseCode = 200
2019-05-14 22:22:28 INFO  ApacheHttpClient.sendEvent(518) - responseCode = 200
2019-05-14 22:23:28 INFO  ApacheHttpClient.sendEvent(518) - responseCode = 200
2019-05-14 22:24:28 INFO  ApacheHttpClient.sendEvent(518) - responseCode = 200
2019-05-14 22:25:28 INFO  ApacheHttpClient.sendEvent(518) - responseCode = 200
2019-05-14 22:26:28 INFO  ApacheHttpClient.sendEvent(518) - responseCode = 200
2019-05-14 22:27:28 INFO  ApacheHttpClient.sendEvent(518) - responseCode = 200
2019-05-14 22:28:28 INFO  ApacheHttpClient.sendEvent(518) - responseCode = 200
2019-05-14 22:29:28 INFO  ApacheHttpClient.sendEvent(518) - responseCode = 200
2019-05-14 22:30:28 INFO  ApacheHttpClient.sendEvent(518) - responseCode = 200
2019-05-14 22:31:28 INFO  ApacheHttpClient.sendEvent(518) - responseCode = 200
2019-05-14 22:32:28 INFO  ApacheHttpClient.sendEvent(518) - responseCode = 200
2019-05-14 22:33:28 INFO  ApacheHttpClient.sendEvent(518) - responseCode = 200
2019-05-14 22:34:28 INFO  ApacheHttpClient.sendEvent(518) - responseCode = 200
2019-05-14 22:35:28 INFO  ApacheHttpClient.sendEvent(518) - responseCode = 200
2019-05-14 22:36:28 INFO  ApacheHttpClient.sendEvent(518) - responseCode = 200
2019-05-14 22:37:28 INFO  ApacheHttpClient.sendEvent(518) - responseCode = 200
2019-05-14 22:38:28 INFO  ApacheHttpClient.sendEvent(518) - responseCode = 200
2019-05-14 22:39:28 INFO  ApacheHttpClient.sendEvent(518) - responseCode = 200
2019-05-14 22:40:28 INFO  ApacheHttpClient.sendEvent(518) - responseCode = 200
2019-05-14 22:41:28 INFO  ApacheHttpClient.sendEvent(518) - responseCode = 200
2019-05-14 22:42:28 INFO  ApacheHttpClient.sendEvent(518) - responseCode = 200
2019-05-14 22:43:28 INFO  ApacheHttpClient.sendEvent(518) - responseCode = 200
2019-05-14 22:44:28 INFO  ApacheHttpClient.sendEvent(518) - responseCode = 200
2019-05-14 22:45:28 INFO  ApacheHttpClient.sendEvent(518) - responseCode = 200
2019-05-14 22:46:28 INFO  ApacheHttpClient.sendEvent(518) - responseCode = 200
2019-05-14 22:47:28 INFO  ApacheHttpClient.sendEvent(518) - responseCode = 200
2019-05-14 22:48:28 INFO  ApacheHttpClient.sendEvent(518) - responseCode = 200
2019-05-14 22:49:28 INFO  ApacheHttpClient.sendEvent(518) - responseCode = 200
2019-05-14 22:50:28 INFO  ApacheHttpClient.sendEvent(518) - responseCode = 200
2019-05-14 22:51:31 INFO  ApacheHttpClient.sendEvent(518) - responseCode = 200
2019-05-14 22:52:28 INFO  ApacheHttpClient.sendEvent(518) - responseCode = 200
2019-05-14 22:53:29 INFO  ApacheHttpClient.sendEvent(518) - responseCode = 200
2019-05-14 22:54:29 INFO  ApacheHttpClient.sendEvent(518) - responseCode = 200
2019-05-14 22:55:28 INFO  ApacheHttpClient.sendEvent(518) - responseCode = 200
2019-05-14 22:56:28 INFO  ApacheHttpClient.sendEvent(518) - responseCode = 200
2019-05-14 22:57:28 INFO  ApacheHttpClient.sendEvent(518) - responseCode = 200
2019-05-14 22:58:28 INFO  ApacheHttpClient.sendEvent(518) - responseCode = 200
2019-05-14 22:59:28 INFO  ApacheHttpClient.sendEvent(518) - responseCode = 200
2019-05-14 23:00:28 INFO  ApacheHttpClient.sendEvent(518) - responseCode = 200
2019-05-14 23:01:28 INFO  ApacheHttpClient.sendEvent(518) - responseCode = 200
2019-05-14 23:02:28 INFO  ApacheHttpClient.sendEvent(518) - responseCode = 200
2019-05-14 23:03:28 INFO  ApacheHttpClient.sendEvent(518) - responseCode = 200
2019-05-14 23:04:28 INFO  ApacheHttpClient.sendEvent(518) - responseCode = 200
2019-05-14 23:05:28 INFO  ApacheHttpClient.sendEvent(518) - responseCode = 200
2019-05-14 23:06:28 INFO  ApacheHttpClient.sendEvent(518) - responseCode = 200
2019-05-14 23:07:28 INFO  ApacheHttpClient.sendEvent(518) - responseCode = 200
2019-05-14 23:08:28 INFO  ApacheHttpClient.sendEvent(518) - responseCode = 200
2019-05-14 23:09:28 INFO  ApacheHttpClient.sendEvent(518) - responseCode = 200
2019-05-14 23:10:28 INFO  ApacheHttpClient.sendEvent(518) - responseCode = 200
2019-05-14 23:11:28 INFO  ApacheHttpClient.sendEvent(518) - responseCode = 200
2019-05-14 23:12:28 INFO  ApacheHttpClient.sendEvent(518) - responseCode = 200
2019-05-14 23:13:28 INFO  ApacheHttpClient.sendEvent(518) - responseCode = 200
2019-05-14 23:14:28 INFO  ApacheHttpClient.sendEvent(518) - responseCode = 200
2019-05-14 23:15:28 INFO  ApacheHttpClient.sendEvent(518) - responseCode = 200
2019-05-14 23:16:28 INFO  ApacheHttpClient.sendEvent(518) - responseCode = 200
2019-05-14 23:17:28 INFO  ApacheHttpClient.sendEvent(518) - responseCode = 200
2019-05-14 23:18:28 INFO  ApacheHttpClient.sendEvent(518) - responseCode = 200
2019-05-14 23:19:28 INFO  ApacheHttpClient.sendEvent(518) - responseCode = 200
2019-05-14 23:20:28 INFO  ApacheHttpClient.sendEvent(518) - responseCode = 200
2019-05-14 23:21:28 INFO  ApacheHttpClient.sendEvent(518) - responseCode = 200
2019-05-14 23:22:28 INFO  ApacheHttpClient.sendEvent(518) - responseCode = 200
2019-05-14 23:23:28 INFO  ApacheHttpClient.sendEvent(518) - responseCode = 200
2019-05-14 23:24:28 INFO  ApacheHttpClient.sendEvent(518) - responseCode = 200
2019-05-14 23:25:28 INFO  ApacheHttpClient.sendEvent(518) - responseCode = 200
2019-05-14 23:26:28 INFO  ApacheHttpClient.sendEvent(518) - responseCode = 200
2019-05-14 23:27:28 INFO  ApacheHttpClient.sendEvent(518) - responseCode = 200
2019-05-14 23:28:28 INFO  ApacheHttpClient.sendEvent(518) - responseCode = 200
2019-05-14 23:29:28 INFO  ApacheHttpClient.sendEvent(518) - responseCode = 200
2019-05-14 23:30:28 INFO  ApacheHttpClient.sendEvent(518) - responseCode = 200
2019-05-14 23:31:28 INFO  ApacheHttpClient.sendEvent(518) - responseCode = 200
2019-05-14 23:32:28 INFO  ApacheHttpClient.sendEvent(518) - responseCode = 200
2019-05-14 23:33:28 INFO  ApacheHttpClient.sendEvent(518) - responseCode = 200
2019-05-14 23:34:28 INFO  ApacheHttpClient.sendEvent(518) - responseCode = 200
2019-05-14 23:35:28 INFO  ApacheHttpClient.sendEvent(518) - responseCode = 200
2019-05-14 23:36:28 INFO  ApacheHttpClient.sendEvent(518) - responseCode = 200
2019-05-14 23:37:28 INFO  ApacheHttpClient.sendEvent(518) - responseCode = 200
2019-05-14 23:38:28 INFO  ApacheHttpClient.sendEvent(518) - responseCode = 200
2019-05-14 23:39:28 INFO  ApacheHttpClient.sendEvent(518) - responseCode = 200
2019-05-14 23:40:28 INFO  ApacheHttpClient.sendEvent(518) - responseCode = 200
2019-05-14 23:41:28 INFO  ApacheHttpClient.sendEvent(518) - responseCode = 200
